Executing: iqtree -te LG+G_ph-ref/iqtree/iqtree.treefile -m LG+G -s sim/alignment/combined.fas -pre LG+G_ph-ref/iqtree/iqtree -redo -wsl -quiet -mwopt -keep-ident -blmin 4.0e-06 -T 10

Executing: Rscript /mnt/hd1/home/sishuo/lab-tools/phyloHessian/parse_tree_seq.R -s sim/alignment/combined.fas -t LG+G_ph-ref/iqtree/iqtree.treefile --cpu 10 --julia_outdir LG+G_ph-ref/julia --force --type AA
Executing: bash /mnt/hd1/home/sishuo/lab-tools/phyloHessian/additional_scripts/generate_branch_out_mat.sh -t LG+G_ph-ref/iqtree/iqtree.treefile --ref_tree ref.tre --outdir LG+G_ph-ref/bl --force
Rscript /mnt/hd1/home/sishuo/lab-tools/phyloHessian/additional_scripts/align_bl.R LG+G_ph-ref/iqtree/iqtree.treefile LG+G_ph-ref/bl/branch_out > LG+G_ph-ref/bl/branch_out.matrix
Executing: julia -t 10 /mnt/hd1/home/sishuo/lab-tools/phyloHessian/julia_bl.jl --basics_indir LG+G_ph-ref/julia -t AA --tree LG+G_ph-ref/iqtree/iqtree.treefile -b LG+G_ph-ref/bl/branch_out.matrix -m LG --mfm nothing --outdir LG+G_ph-ref/inBV --force  --hessian_type STK2004 2>LG+G_ph-ref/error

2026-04-30T09:59:38.895

rs:	[0.1344, 0.4729, 0.9978, 2.3949]
props:	[0.25, 0.25, 0.25, 0.25]
freqs:	Float64[]
Qrs:	Float64[]
2026-04-30T09:59:39.433
2026-04-30T09:59:43.774
best lnL	-1339.4253736980766	

2026-04-30T09:59:45.041

Executing: julia /mnt/hd1/home/sishuo/lab-tools/phyloHessian/additional_scripts/MFAtoPHY.jl sim/alignment/combined.fas
t5                                                                                                  
t4                                                                                                  
t1                                                                                                  
t3                                                                                                  
t2                                                                                                  
✅ PHYLIP file created: sim/alignment/combined.fas.phy
