

. Running the analysis on 32 CPUs..

. Command line: /usr/lib/phyml/bin/phyml-mpi -i combined.phy -u ref.tre -d aa -o lr -m LG 





  ////////////////////////////////////.\\\\\\\\\\\\\\\\\\\\\\\\\\\\\\\\\\\\\\\\\\
  \\\\\\\\\\\\\\\\\\\\\\\\\\\\\\\\\\\\.//////////////////////////////////////////

        . Sequence filename:				 combined.phy
        . Data type:					 aa
        . Alphabet size:				 20
        . Sequence format:				 interleaved
        . Number of data sets:				 1
        . Nb of bootstrapped data sets:			 0
        . Compute approximate likelihood ratio test:	 yes (aBayes branch supports)
        . Model name:					 LG
        . Proportion of invariable sites:		 0.000000
        . RAS model:					 discrete Gamma
        . Number of subst. rate catgs:			 4
        . Gamma distribution parameter:			 estimated
        . 'Middle' of each rate class:			 mean
        . Amino acid equilibrium frequencies:		 model
        . Optimise tree topology:			 no
        . Evaluated tree:				 "user tree (ref.tre)"
        . Optimise branch lengths:			 yes
        . Minimum length of an edge:			 1e-08
        . Optimise substitution model parameters:	 yes
        . Run ID:					 none
        . Random seed:					 1770177702
        . Subtree patterns aliasing:			 no
        . Version:					 3.3.3:3.3.20211231-1
        . Byte alignment:				 1
        . AVX enabled:					 no
        . SSE enabled:					 no

  ////////////////////////////////////.\\\\\\\\\\\\\\\\\\\\\\\\\\\\\\\\\\\\\\\\\\
  \\\\\\\\\\\\\\\\\\\\\\\\\\\\\\\\\\\\.//////////////////////////////////////////



. 119 patterns found (out of a total of 200 sites). 

. 92 sites without polymorphism (46.00%).

. Reading tree...

. This analysis requires at least 1 MB of memory space.

. (    0 sec) [     -1341.5150] [Branch lengths     ]
. (    0 sec) [     -1341.4849] [Alpha              ][  0.935916]
. (    0 sec) [     -1339.5067] [Branch lengths     ]
. (    0 sec) [     -1339.4904] [Alpha              ][  0.982926]
. (    0 sec) [     -1339.4275] [Branch lengths     ]
. (    0 sec) [     -1339.4273] [Alpha              ][  0.988097]
. (    0 sec) [     -1339.4254] [Branch lengths     ]
. (    0 sec) [     -1339.4253] [Alpha              ][  0.990241]
. (    0 sec) [     -1339.4252] [Branch lengths     ]
. (    0 sec) [     -1339.4252] [Alpha              ][  0.991232]

. Log likelihood of the current tree: -1339.425185740144343071734.

. Calculating fast branch supports (using 'aBayes').

. Printing the most likely tree in file 'combined.phy_phyml_tree.txt'.

. Time used 0h0m0s

oooooooooooooooooooooooooooooooooooooooooooooooooooooooooooooooooooooooooooooooooooooooooooooooo
