IQ-TREE multicore version 2.3.4 COVID-edition for Linux x86 64-bit built Apr 26 2024
Developed by Bui Quang Minh, James Barbetti, Nguyen Lam Tung, Olga Chernomor,
Heiko Schmidt, Dominik Schrempf, Michael Woodhams, Ly Trong Nhan, Thomas Wong

Host:    mic-r750 (AVX512, FMA3, 1007 GB RAM)
Command: iqtree -te 1/age-10/root/dating/LG+G/ph/iqtree/iqtree.treefile -m LG+G -s 1/age-10/root/sim/alignment/combined.fas -pre 1/age-10/root/dating/LG+G/ph/iqtree/iqtree -redo -wsl -quiet -mwopt -keep-ident -mdef /mnt/hd1/home/sishuo/lab-tools/dating/phyloHessian/substitution_model/mfm/C2.nex -blmin 4.0e-06 -T 2
Seed:    902099 (Using SPRNG - Scalable Parallel Random Number Generator)
Time:    Mon Apr  7 17:10:37 2025
Kernel:  AVX+FMA - 2 threads (128 CPU cores detected)

Reading alignment file 1/age-10/root/sim/alignment/combined.fas ... Fasta format detected
Reading fasta file: done in 2.21729e-05 secs using 99.22% CPU
Alignment most likely contains protein sequences
Alignment has 5 sequences with 200 columns, 119 distinct patterns
75 parsimony-informative, 33 singleton sites, 92 constant sites
    Gap/Ambiguity  Composition  p-value
Analyzing sequences: done in 5.96046e-06 secs using 100.7% CPU
   1  t5    0.00%    passed     99.73%
   2  t4    0.00%    passed    100.00%
   3  t1    0.00%    passed     99.84%
   4  t3    0.00%    passed     99.98%
   5  t2    0.00%    passed    100.00%
****  TOTAL    0.00%  0 sequences failed composition chi2 test (p-value<5%; df=19)
Reading model definition file /mnt/hd1/home/sishuo/lab-tools/dating/phyloHessian/substitution_model/mfm/C2.nex ... 87 models and 216 frequency vectors loaded
Reading input tree file 1/age-10/root/dating/LG+G/ph/iqtree/iqtree.treefile ...

NOTE: 0 MB RAM (0 GB) is required!
Estimate model parameters (epsilon = 0.010)
1. Initial log-likelihood: -3102.339
2. Current log-likelihood: -1341.246
3. Current log-likelihood: -1339.430
Optimal log-likelihood: -1339.425
Gamma shape alpha: 0.987
Parameters optimization took 3 rounds (0.009 sec)
Wrote distance file to... 
BEST SCORE FOUND : -1339.425
Site log-likelihoods printed to 1/age-10/root/dating/LG+G/ph/iqtree/iqtree.sitelh
Total tree length: 1.184

Total number of iterations: 0
CPU time used for tree search: 0.000 sec (0h:0m:0s)
Wall-clock time used for tree search: 0.000 sec (0h:0m:0s)
Total CPU time used: 0.025 sec (0h:0m:0s)
Total wall-clock time used: 0.015 sec (0h:0m:0s)

Analysis results written to: 
  IQ-TREE report:                1/age-10/root/dating/LG+G/ph/iqtree/iqtree.iqtree
  Maximum-likelihood tree:       1/age-10/root/dating/LG+G/ph/iqtree/iqtree.treefile
  Site log-likelihoods:          1/age-10/root/dating/LG+G/ph/iqtree/iqtree.sitelh
  Screen log file:               1/age-10/root/dating/LG+G/ph/iqtree/iqtree.log

Date and Time: Mon Apr  7 17:10:37 2025
