IQ-TREE version 3.1.0 for Linux x86 64-bit built Mar 12 2026
Developed by Bui Quang Minh, Thomas Wong, Nhan Ly-Trong, Huaiyan Ren
Contributed by Lam-Tung Nguyen, Dominik Schrempf, Chris Bielow,
Olga Chernomor, Michael Woodhams, Diep Thi Hoang, Heiko Schmidt

Host:    mic-r750 (AVX512, FMA3, 1007 GB RAM)
Command: iqtree -te example-dna/GTR+G2/iqtree/iqtree.treefile -m GTR+G -s example-dna/sim/alignment/combined.fas -pre example-dna/GTR+G2/iqtree/iqtree -redo -wsl -quiet -mwopt -keep-ident -blmin 4.0e-06 -T 10
Seed:    225750 (Using SPRNG - Scalable Parallel Random Number Generator)
Time:    Wed Jul 22 17:04:49 2026
Kernel:  AVX+FMA - 10 threads (128 CPU cores detected)

Reading alignment file example-dna/sim/alignment/combined.fas ... Fasta format detected
Reading fasta file: done in 0.000104074 secs
Alignment most likely contains DNA/RNA sequences
Constructing alignment: done in 0.000307586 secs
Alignment has 20 sequences with 300 columns, 300 distinct patterns
291 parsimony-informative, 8 singleton sites, 1 constant sites
     Gap/Ambiguity  Composition  p-value
Analyzing sequences: done in 1.28802e-05 secs
   1  t7     0.00%    passed     30.77%
   2  t19    0.00%    passed     84.33%
   3  t11    0.00%    passed     58.78%
   4  t2     0.00%    passed     61.82%
   5  t13    0.00%    passed     16.42%
   6  t18    0.00%    passed     32.31%
   7  t1     0.00%    passed     99.99%
   8  t12    0.00%    passed     99.99%
   9  t9     0.00%    passed     21.38%
  10  t5     0.00%    failed      4.95%
  11  t17    0.00%    passed     60.45%
  12  t14    0.00%    passed      9.07%
  13  t10    0.00%    passed     95.52%
  14  t6     0.00%    passed     62.34%
  15  t20    0.00%    passed     42.69%
  16  t16    0.00%    passed     21.12%
  17  t8     0.00%    passed     38.54%
  18  t15    0.00%    passed     68.83%
  19  t3     0.00%    passed     83.76%
  20  t4     0.00%    passed     87.81%
****  TOTAL    0.00%  1 sequences failed composition chi2 test (p-value<5%; df=3)
Reading input tree file example-dna/GTR+G2/iqtree/iqtree.treefile ...

NOTE: 0 MB RAM (0 GB) is required!
WARNING: Number of threads seems too high for short alignments. Use -T AUTO to determine best number of threads.
Estimate model parameters (epsilon = 0.010)
1. Initial log-likelihood: -5635.830
2. Current log-likelihood: -5501.728
3. Current log-likelihood: -5490.161
4. Current log-likelihood: -5489.948
Optimal log-likelihood: -5489.947
Rate parameters:  A-C: 1.00932  A-G: 1.02708  A-T: 1.20400  C-G: 1.00698  C-T: 0.99731  G-T: 1.00000
Base frequencies:  A: 0.322  C: 0.290  G: 0.159  T: 0.229
Gamma shape alpha: 998.258
Parameters optimization took 4 rounds (0.029 sec)
Wrote distance file to... 
BEST SCORE FOUND : -5489.947
Site log-likelihoods printed to example-dna/GTR+G2/iqtree/iqtree.sitelh
Total tree length: 6.502

Total number of iterations: 0
CPU time used for tree search: 0.000 sec (0h:0m:0s)
Wall-clock time used for tree search: 0.000 sec (0h:0m:0s)
Total CPU time used: 0.356 sec (0h:0m:0s)
Total wall-clock time used: 0.037 sec (0h:0m:0s)

Analysis results written to: 
  IQ-TREE report:                example-dna/GTR+G2/iqtree/iqtree.iqtree
  Maximum-likelihood tree:       example-dna/GTR+G2/iqtree/iqtree.treefile
  Site log-likelihoods:          example-dna/GTR+G2/iqtree/iqtree.sitelh
  Screen log file:               example-dna/GTR+G2/iqtree/iqtree.log

Date and Time: Wed Jul 22 17:04:49 2026
