AAML (in paml version 4.10.7, June 2023)  tmp0001.txt
Model: Empirical,  (/mnt/hd1/home/sishuo/software/phylo/paml/latest/dat/lg.dat) dGamma (ncatG=4) ns =   5  ls = 200


Frequencies..
                                    A      R      N      D      C      Q      E      G      H      I      L      K      M      F      P      S      T      W      Y      V
t5                             0.09000 0.03000 0.04000 0.06000 0.01000 0.05000 0.05500 0.05000 0.03000 0.02500 0.10500 0.08000 0.03500 0.05500 0.03500 0.07000 0.06500 0.01000 0.03500 0.07000
t4                             0.07000 0.04500 0.04500 0.06500 0.01000 0.02500 0.05500 0.05500 0.02500 0.05500 0.10000 0.08000 0.02500 0.03500 0.03000 0.07500 0.08500 0.01000 0.04000 0.07000
t1                             0.09000 0.04500 0.05000 0.05500 0.01000 0.02000 0.05500 0.05500 0.03500 0.06000 0.11000 0.08000 0.02000 0.03500 0.03000 0.07500 0.06500 0.01000 0.04000 0.06000
t3                             0.08000 0.04500 0.02000 0.06500 0.00000 0.05000 0.05000 0.05500 0.04000 0.05500 0.09500 0.07000 0.03500 0.04000 0.03000 0.07500 0.08000 0.01000 0.03500 0.07000
t2                             0.08500 0.04500 0.03000 0.06500 0.00000 0.05000 0.05500 0.05000 0.03500 0.05500 0.08500 0.06500 0.03500 0.04500 0.03000 0.07000 0.08500 0.01000 0.04000 0.06500

Homogeneity statistic: X2 = 0.11739 G = 0.13473 

Average                        0.08300 0.04200 0.03700 0.06200 0.00600 0.03900 0.05400 0.05300 0.03300 0.05000 0.09900 0.07500 0.03000 0.04200 0.03100 0.07300 0.07600 0.01000 0.03800 0.06700

# constant sites:     92 (46.00%)
ln Lmax (unconstrained) = -894.363469

AA distances (raw proportions of different sites)

t5             
t4               0.3350
t1               0.3400  0.1150
t3               0.3400  0.4700  0.4650
t2               0.3450  0.5050  0.5000  0.1000

TREE #  1:  ((2, 3), (4, 5), 1);   MP score: 161
lnL(ntime:  7  np:  8):  -1339.424966      +0.000000
   6..7     7..2     7..3     6..8     8..4     8..5     6..1  
 0.449200 0.065190 0.064181 0.469755 0.058285 0.053019 0.022634 0.991459
SEs for parameters:
 0.088566 0.026307 0.024886 0.090973 0.026704 0.025532 0.036107 0.319253

tree length =  1.182264

((2: 0.065190, 3: 0.064181): 0.449200, (4: 0.058285, 5: 0.053019): 0.469755, 1: 0.022634);

((t4: 0.065190, t1: 0.064181): 0.449200, (t3: 0.058285, t2: 0.053019): 0.469755, t5: 0.022634);

Detailed output identifying parameters

alpha (gamma, K = 4) =  0.99146
rate:   0.13525  0.47417  0.99857  2.39201
freq:   0.25000  0.25000  0.25000  0.25000

Time used:  0:01
