IQ-TREE version 3.0.1 for Linux x86 64-bit built May  5 2025
Developed by Bui Quang Minh, Thomas Wong, Nhan Ly-Trong, Huaiyan Ren
Contributed by Lam-Tung Nguyen, Dominik Schrempf, Chris Bielow,
Olga Chernomor, Michael Woodhams, Diep Thi Hoang, Heiko Schmidt

Host:    mic-r750 (AVX512, FMA3, 1007 GB RAM)
Command: /home/testing/bin/iqtree3_intel -te LG+G+C10_ph/iqtree/iqtree.treefile -m LG+G+C10 -s sim/alignment/combined.fas -pre LG+G+C10_ph/iqtree/iqtree -redo -wsl -quiet -mwopt -keep-ident -mdef ../substitution_model/mfm/C2.nex -blmin 4.0e-06 -T 10
Seed:    831527 (Using SPRNG - Scalable Parallel Random Number Generator)
Time:    Tue Jun 24 06:33:45 2025
Kernel:  AVX+FMA - 10 threads (128 CPU cores detected)

Reading alignment file sim/alignment/combined.fas ... Fasta format detected
Reading fasta file: done in 3.1514e-05 secs
Alignment most likely contains protein sequences
Constructing alignment: done in 0.000156564 secs
Alignment has 5 sequences with 200 columns, 119 distinct patterns
75 parsimony-informative, 33 singleton sites, 92 constant sites
    Gap/Ambiguity  Composition  p-value
Analyzing sequences: done in 7.76304e-06 secs
   1  t5    0.00%    passed     99.73%
   2  t4    0.00%    passed    100.00%
   3  t1    0.00%    passed     99.84%
   4  t3    0.00%    passed     99.98%
   5  t2    0.00%    passed    100.00%
****  TOTAL    0.00%  0 sequences failed composition chi2 test (p-value<5%; df=19)
Reading model definition file ../substitution_model/mfm/C2.nex ... 87 models and 216 frequency vectors loaded
Reading input tree file LG+G+C10_ph/iqtree/iqtree.treefile ...
Model LG+G+C10 is alias for LG+G+POISSON+G+FMIX{C10pi1:1:0.1191344178,C10pi2:1:0.0874372456,C10pi3:1:0.1037105070,C10pi4:1:0.0922584809,C10pi5:1:0.1070492801,C10pi6:1:0.1329945166,C10pi7:1:0.0538028458,C10pi8:1:0.0691986212,C10pi9:1:0.1319937434,C10pi10:1:0.1024203429}

NOTE: 4 MB RAM (0 GB) is required!
WARNING: Number of threads seems too high for short alignments. Use -T AUTO to determine best number of threads.
Estimate model parameters (epsilon = 0.010)
1. Initial log-likelihood: -3148.936
2. Current log-likelihood: -1346.056
3. Current log-likelihood: -1340.766
4. Current log-likelihood: -1340.673
Optimal log-likelihood: -1340.663
Mixture weights: 0.026 0.436 0.000 0.144 0.065 0.079 0.119 0.036 0.059 0.037
Gamma shape alpha: 0.713
Parameters optimization took 4 rounds (0.070 sec)
WARNING: The mixture model might be overfitting because some mixture weights are estimated close to zero
Wrote distance file to... 
BEST SCORE FOUND : -1340.663
Site log-likelihoods printed to LG+G+C10_ph/iqtree/iqtree.sitelh
Total tree length: 1.621

Total number of iterations: 0
CPU time used for tree search: 0.000 sec (0h:0m:0s)
Wall-clock time used for tree search: 0.000 sec (0h:0m:0s)
Total CPU time used: 0.758 sec (0h:0m:0s)
Total wall-clock time used: 0.080 sec (0h:0m:0s)

Analysis results written to: 
  IQ-TREE report:                LG+G+C10_ph/iqtree/iqtree.iqtree
  Maximum-likelihood tree:       LG+G+C10_ph/iqtree/iqtree.treefile
  Site log-likelihoods:          LG+G+C10_ph/iqtree/iqtree.sitelh
  Screen log file:               LG+G+C10_ph/iqtree/iqtree.log

Date and Time: Tue Jun 24 06:33:45 2025
