IQ-TREE version 3.1.0 for Linux x86 64-bit built Mar 12 2026
Developed by Bui Quang Minh, Thomas Wong, Nhan Ly-Trong, Huaiyan Ren
Contributed by Lam-Tung Nguyen, Dominik Schrempf, Chris Bielow,
Olga Chernomor, Michael Woodhams, Diep Thi Hoang, Heiko Schmidt

Host:    mic-r750 (AVX512, FMA3, 1007 GB RAM)
Command: iqtree -s combined.fas -m GTR -te ../tree/sub.tre -redo -pre iqtree
Seed:    82189 (Using SPRNG - Scalable Parallel Random Number Generator)
Time:    Fri Jun 26 14:57:14 2026
Kernel:  AVX+FMA - 1 threads (128 CPU cores detected)

HINT: Use -nt option to specify number of threads because your CPU has 128 cores!
HINT: -nt AUTO will automatically determine the best number of threads to use.

Reading alignment file combined.fas ... Fasta format detected
Reading fasta file: done in 0.00010412 secs
Alignment most likely contains DNA/RNA sequences
Constructing alignment: done in 0.000263555 secs using 62.61% CPU
Alignment has 20 sequences with 300 columns, 300 distinct patterns
291 parsimony-informative, 8 singleton sites, 1 constant sites
     Gap/Ambiguity  Composition  p-value
Analyzing sequences: done in 1.56339e-05 secs using 95.95% CPU
   1  t7     0.00%    passed     30.77%
   2  t19    0.00%    passed     84.33%
   3  t11    0.00%    passed     58.78%
   4  t2     0.00%    passed     61.82%
   5  t13    0.00%    passed     16.42%
   6  t18    0.00%    passed     32.31%
   7  t1     0.00%    passed     99.99%
   8  t12    0.00%    passed     99.99%
   9  t9     0.00%    passed     21.38%
  10  t5     0.00%    failed      4.95%
  11  t17    0.00%    passed     60.45%
  12  t14    0.00%    passed      9.07%
  13  t10    0.00%    passed     95.52%
  14  t6     0.00%    passed     62.34%
  15  t20    0.00%    passed     42.69%
  16  t16    0.00%    passed     21.12%
  17  t8     0.00%    passed     38.54%
  18  t15    0.00%    passed     68.83%
  19  t3     0.00%    passed     83.76%
  20  t4     0.00%    passed     87.81%
****  TOTAL    0.00%  1 sequences failed composition chi2 test (p-value<5%; df=3)
Checking for duplicate sequences: done in 4.0798e-05 secs using 100.5% CPU
Reading input tree file ../tree/sub.tre ... rooted tree

NOTE: 0 MB RAM (0 GB) is required!
Estimate model parameters (epsilon = 0.010)
1. Initial log-likelihood: -5509.636
2. Current log-likelihood: -5490.022
3. Current log-likelihood: -5489.930
Optimal log-likelihood: -5489.929
Rate parameters:  A-C: 1.01264  A-G: 1.02671  A-T: 1.20398  C-G: 1.00733  C-T: 0.99882  G-T: 1.00000
Base frequencies:  A: 0.322  C: 0.290  G: 0.159  T: 0.229
Parameters optimization took 3 rounds (0.008 sec)
Wrote distance file to... 
BEST SCORE FOUND : -5489.929
Total tree length: 6.499

Total number of iterations: 0
CPU time used for tree search: 0.000 sec (0h:0m:0s)
Wall-clock time used for tree search: 0.000 sec (0h:0m:0s)
Total CPU time used: 0.016 sec (0h:0m:0s)
Total wall-clock time used: 0.016 sec (0h:0m:0s)

Analysis results written to: 
  IQ-TREE report:                iqtree.iqtree
  Maximum-likelihood tree:       iqtree.treefile
  Screen log file:               iqtree.log

Date and Time: Fri Jun 26 14:57:14 2026
