IQ-TREE version 3.0.1 for Linux x86 64-bit built May  5 2025
Developed by Bui Quang Minh, Thomas Wong, Nhan Ly-Trong, Huaiyan Ren
Contributed by Lam-Tung Nguyen, Dominik Schrempf, Chris Bielow,
Olga Chernomor, Michael Woodhams, Diep Thi Hoang, Heiko Schmidt

Host:    mic-r750 (AVX512, FMA3, 1007 GB RAM)
Command: /mnt/hd1/home/sishuo/bin/iqtree3_intel -te LG+G_ph-pseudo-calculate_gradient/iqtree/iqtree.treefile -m LG+G -s sim/alignment/combined-pseudo.fas -pre LG+G_ph-pseudo-calculate_gradient/iqtree/iqtree -redo -wsl -quiet -mwopt -keep-ident -blmin 4.0e-06 -T 10
Seed:    897925 (Using SPRNG - Scalable Parallel Random Number Generator)
Time:    Thu Mar  5 13:30:03 2026
Kernel:  AVX+FMA - 10 threads (128 CPU cores detected)

Reading alignment file sim/alignment/combined-pseudo.fas ... Fasta format detected
Reading fasta file: done in 2.00961e-05 secs using 94.55% CPU
Alignment most likely contains protein sequences
Constructing alignment: done in 2.90247e-05 secs using 96.47% CPU
Alignment has 5 sequences with 20 columns, 17 distinct patterns
5 parsimony-informative, 3 singleton sites, 12 constant sites
    Gap/Ambiguity  Composition  p-value
Analyzing sequences: done in 7.12927e-06 secs using 84.16% CPU
   1  t5    0.00%    passed     94.99%
   2  t4    0.00%    passed     99.98%
   3  t1    0.00%    passed     97.83%
   4  t3    0.00%    passed     98.66%
   5  t2    0.00%    passed     99.98%
****  TOTAL    0.00%  0 sequences failed composition chi2 test (p-value<5%; df=14)
NOTE: State(s) C, Q, H, P, W not present in alignment and thus removed from Markov process to prevent numerical problems
NOTE: 5 states (see above) are not present and thus removed from Markov process to prevent numerical problems
Reading input tree file LG+G_ph-pseudo-calculate_gradient/iqtree/iqtree.treefile ...
WARNING: 10 threads for alignment length 17 will slow down analysis

NOTE: 0 MB RAM (0 GB) is required!
WARNING: Number of threads seems too high for short alignments. Use -T AUTO to determine best number of threads.
Estimate model parameters (epsilon = 0.010)
1. Initial log-likelihood: -228.620
2. Current log-likelihood: -110.845
3. Current log-likelihood: -109.943
Optimal log-likelihood: -109.943
Gamma shape alpha: 0.620
Parameters optimization took 3 rounds (0.004 sec)
Wrote distance file to... 
BEST SCORE FOUND : -109.943
Site log-likelihoods printed to LG+G_ph-pseudo-calculate_gradient/iqtree/iqtree.sitelh
Total tree length: 0.799

Total number of iterations: 0
CPU time used for tree search: 0.000 sec (0h:0m:0s)
Wall-clock time used for tree search: 0.000 sec (0h:0m:0s)
Total CPU time used: 0.069 sec (0h:0m:0s)
Total wall-clock time used: 0.011 sec (0h:0m:0s)

Analysis results written to: 
  IQ-TREE report:                LG+G_ph-pseudo-calculate_gradient/iqtree/iqtree.iqtree
  Maximum-likelihood tree:       LG+G_ph-pseudo-calculate_gradient/iqtree/iqtree.treefile
  Site log-likelihoods:          LG+G_ph-pseudo-calculate_gradient/iqtree/iqtree.sitelh
  Screen log file:               LG+G_ph-pseudo-calculate_gradient/iqtree/iqtree.log

Date and Time: Thu Mar  5 13:30:03 2026
