IQ-TREE version 3.1.0 for Linux x86 64-bit built Mar 12 2026
Developed by Bui Quang Minh, Thomas Wong, Nhan Ly-Trong, Huaiyan Ren
Contributed by Lam-Tung Nguyen, Dominik Schrempf, Chris Bielow,
Olga Chernomor, Michael Woodhams, Diep Thi Hoang, Heiko Schmidt

Host:    mic-r750 (AVX512, FMA3, 1007 GB RAM)
Command: iqtree -te LG+G_ph/iqtree/iqtree.treefile -m LG+C20+I -s sim/alignment/combined.fas -pre LG+G_ph/iqtree/iqtree -redo -wsl -quiet -mwopt -keep-ident -ft LG+G_ph/iqtree/iqtree.treefile -blmin 4.0e-06 -T 10
Seed:    874210 (Using SPRNG - Scalable Parallel Random Number Generator)
Time:    Sat Apr 11 23:53:59 2026
Kernel:  AVX+FMA - 10 threads (128 CPU cores detected)

Reading alignment file sim/alignment/combined.fas ... Fasta format detected
Reading fasta file: done in 3.37269e-05 secs using 97.84% CPU
Alignment most likely contains protein sequences
Constructing alignment: done in 0.000158007 secs using 99.36% CPU
Alignment has 5 sequences with 200 columns, 119 distinct patterns
75 parsimony-informative, 33 singleton sites, 92 constant sites
    Gap/Ambiguity  Composition  p-value
Analyzing sequences: done in 8.11461e-06 secs using 86.26% CPU
   1  t5    0.00%    passed     99.73%
   2  t4    0.00%    passed    100.00%
   3  t1    0.00%    passed     99.84%
   4  t3    0.00%    passed     99.98%
   5  t2    0.00%    passed    100.00%
****  TOTAL    0.00%  0 sequences failed composition chi2 test (p-value<5%; df=19)

===> COMPUTING SITE FREQUENCY MODEL BASED ON TREE FILE LG+G_ph/iqtree/iqtree.treefile
Model LG+C20+I is alias for LG+POISSON+G+FMIX{C20pi1:1:0.0559910600,C20pi2:1:0.0514824870,C20pi3:1:0.0812922124,C20pi4:1:0.0721976867,C20pi5:1:0.0556718858,C20pi6:1:0.0331003080,C20pi7:1:0.0589501763,C20pi8:1:0.0263756889,C20pi9:1:0.0307584220,C20pi10:1:0.0376701125,C20pi11:1:0.0303058290,C20pi12:1:0.0808775576,C20pi13:1:0.0263349134,C20pi14:1:0.0579101455,C20pi15:1:0.0371248064,C20pi16:1:0.0586867766,C20pi17:1:0.0561479138,C20pi18:1:0.0349810886,C20pi19:1:0.0544937394,C20pi20:1:0.0596471901}+I
NOTE: 8 MB RAM is required!
WARNING: Number of threads seems too high for short alignments. Use -T AUTO to determine best number of threads.
1. Initial log-likelihood: -3133.642
2. Current log-likelihood: -1348.227
3. Current log-likelihood: -1340.137
4. Current log-likelihood: -1339.844
5. Current log-likelihood: -1339.707
Optimal log-likelihood: -1339.629
Mixture weights: 0.015 0.110 0.000 0.000 0.030 0.000 0.042 0.000 0.177 0.021 0.019 0.057 0.085 0.000 0.053 0.109 0.041 0.197 0.025 0.019
Proportion of invariable sites: 0.210
Gamma shape alpha: 1.440
Parameters optimization took 5 rounds (0.180 sec)
Computing posterior mean site frequencies....
Site state frequency vectors printed to LG+G_ph/iqtree/iqtree.sitefreq

===> CONTINUE ANALYSIS USING THE INFERRED SITE FREQUENCY MODEL
Reading input tree file LG+G_ph/iqtree/iqtree.treefile ...
Model LG+C20+I is alias for LG+POISSON+G+FMIX{C20pi1:1:0.0559910600,C20pi2:1:0.0514824870,C20pi3:1:0.0812922124,C20pi4:1:0.0721976867,C20pi5:1:0.0556718858,C20pi6:1:0.0331003080,C20pi7:1:0.0589501763,C20pi8:1:0.0263756889,C20pi9:1:0.0307584220,C20pi10:1:0.0376701125,C20pi11:1:0.0303058290,C20pi12:1:0.0808775576,C20pi13:1:0.0263349134,C20pi14:1:0.0579101455,C20pi15:1:0.0371248064,C20pi16:1:0.0586867766,C20pi17:1:0.0561479138,C20pi18:1:0.0349810886,C20pi19:1:0.0544937394,C20pi20:1:0.0596471901}+I

NOTE: 1 MB RAM (0 GB) is required!
WARNING: Number of threads seems too high for short alignments. Use -T AUTO to determine best number of threads.
Estimate model parameters (epsilon = 0.010)
Thoroughly optimizing +I+G parameters from 10 start values...
Init pinv, alpha: 0.000, 1.000 / Estimate: 0.000, 0.566 / LogL: -1112.324
Init pinv, alpha: 0.051, 1.000 / Estimate: 0.000, 0.565 / LogL: -1112.330
Init pinv, alpha: 0.102, 1.000 / Estimate: 0.000, 0.565 / LogL: -1112.331
Init pinv, alpha: 0.153, 1.000 / Estimate: 0.000, 0.565 / LogL: -1112.334
Init pinv, alpha: 0.204, 1.000 / Estimate: 0.000, 0.565 / LogL: -1112.331
Init pinv, alpha: 0.256, 1.000 / Estimate: 0.000, 0.565 / LogL: -1112.334
Init pinv, alpha: 0.307, 1.000 / Estimate: 0.000, 0.565 / LogL: -1112.330
Init pinv, alpha: 0.358, 1.000 / Estimate: 0.000, 0.565 / LogL: -1112.331
Init pinv, alpha: 0.409, 1.000 / Estimate: 0.000, 0.565 / LogL: -1112.333
Init pinv, alpha: 0.460, 1.000 / Estimate: 0.000, 0.565 / LogL: -1112.334
Optimal pinv,alpha: 0.000, 0.566 / LogL: -1112.324

Parameters optimization took 0.188 sec
Wrote distance file to... 
BEST SCORE FOUND : -1112.324
Site log-likelihoods printed to LG+G_ph/iqtree/iqtree.sitelh
Total tree length: 1.469

Total number of iterations: 0
CPU time used for tree search: 0.000 sec (0h:0m:0s)
Wall-clock time used for tree search: 0.000 sec (0h:0m:0s)
Total CPU time used: 1.962 sec (0h:0m:1s)
Total wall-clock time used: 0.216 sec (0h:0m:0s)

Analysis results written to: 
  IQ-TREE report:                LG+G_ph/iqtree/iqtree.iqtree
  Maximum-likelihood tree:       LG+G_ph/iqtree/iqtree.treefile
  Site log-likelihoods:          LG+G_ph/iqtree/iqtree.sitelh
  Screen log file:               LG+G_ph/iqtree/iqtree.log

Date and Time: Sat Apr 11 23:54:00 2026
