Executing: iqtree -te LG+G_ph-pseudo-calculate_gradient/iqtree/iqtree.treefile -m LG+G -s sim/alignment/combined-pseudo.fas -pre LG+G_ph-pseudo-calculate_gradient/iqtree/iqtree -redo -wsl -quiet -mwopt -keep-ident -blmin 4.0e-06 -T 10

Executing: Rscript ../parse_tree_seq.R -s sim/alignment/combined-pseudo.fas -t LG+G_ph-pseudo-calculate_gradient/iqtree/iqtree.treefile --cpu 10 --julia_outdir LG+G_ph-pseudo-calculate_gradient/julia --force --type AA
Executing: bash ../additional_scripts/generate_branch_out_mat.sh -t LG+G_ph-pseudo-calculate_gradient/iqtree/iqtree.treefile --ref_tree ref.tre --outdir LG+G_ph-pseudo-calculate_gradient/bl --force
Rscript ../additional_scripts/align_bl.R LG+G_ph-pseudo-calculate_gradient/iqtree/iqtree.treefile LG+G_ph-pseudo-calculate_gradient/bl/branch_out > LG+G_ph-pseudo-calculate_gradient/bl/branch_out.matrix
Executing: julia -t 10 ../julia_bl.jl --basics_indir LG+G_ph-pseudo-calculate_gradient/julia -t AA --tree LG+G_ph-pseudo-calculate_gradient/iqtree/iqtree.treefile -b LG+G_ph-pseudo-calculate_gradient/bl/branch_out.matrix -m LG --mfm nothing --outdir LG+G_ph-pseudo-calculate_gradient/inBV --force  --hessian_type STK2004 2>LG+G_ph-pseudo-calculate_gradient/error

2026-03-05T13:30:09.618

rs:	[0.0573, 0.3234, 0.8913, 2.728]
props:	[0.25, 0.25, 0.25, 0.25]
freqs:	Float64[]
Qrs:	Float64[]
2026-03-05T13:30:10.147
2026-03-05T13:30:15.100

best lnL	-109.94334984531048	

2026-03-05T13:30:16.803

Executing: julia /mnt/hd1/home/sishuo/lab-tools/phyloHessian/additional_scripts/MFAtoPHY.jl sim/alignment/combined-pseudo.fas
t5        
t4        
t1        
t3        
t2        
✅ PHYLIP file created: sim/alignment/combined-pseudo.fas.phy
