AAML (in paml version 4.10.7, June 2023)  tmp0001.txt
Model: Empirical,  (/mnt/hd1/home/sishuo/software/phylo/paml/latest/dat/lg.dat) dGamma (ncatG=4) ns =  20  ls = 300


Frequencies..
                                    A      R      N      D      C      Q      E      G      H      I      L      K      M      F      P      S      T      W      Y      V
t7                             0.35667 0.00000 0.00000 0.00000 0.29333 0.00000 0.00000 0.16333 0.00000 0.00000 0.00000 0.00000 0.00000 0.00000 0.00000 0.00000 0.18667 0.00000 0.00000 0.00000
t19                            0.32333 0.00000 0.00000 0.00000 0.30000 0.00000 0.00000 0.14000 0.00000 0.00000 0.00000 0.00000 0.00000 0.00000 0.00000 0.00000 0.23667 0.00000 0.00000 0.00000
t11                            0.34000 0.00000 0.00000 0.00000 0.30667 0.00000 0.00000 0.13333 0.00000 0.00000 0.00000 0.00000 0.00000 0.00000 0.00000 0.00000 0.22000 0.00000 0.00000 0.00000
t2                             0.30000 0.00000 0.00000 0.00000 0.31000 0.00000 0.00000 0.17667 0.00000 0.00000 0.00000 0.00000 0.00000 0.00000 0.00000 0.00000 0.21333 0.00000 0.00000 0.00000
t13                            0.28333 0.00000 0.00000 0.00000 0.30333 0.00000 0.00000 0.20000 0.00000 0.00000 0.00000 0.00000 0.00000 0.00000 0.00000 0.00000 0.21333 0.00000 0.00000 0.00000
t18                            0.30000 0.00000 0.00000 0.00000 0.30000 0.00000 0.00000 0.19333 0.00000 0.00000 0.00000 0.00000 0.00000 0.00000 0.00000 0.00000 0.20667 0.00000 0.00000 0.00000
t1                             0.32000 0.00000 0.00000 0.00000 0.29000 0.00000 0.00000 0.16000 0.00000 0.00000 0.00000 0.00000 0.00000 0.00000 0.00000 0.00000 0.23000 0.00000 0.00000 0.00000
t12                            0.32000 0.00000 0.00000 0.00000 0.29000 0.00000 0.00000 0.16000 0.00000 0.00000 0.00000 0.00000 0.00000 0.00000 0.00000 0.00000 0.23000 0.00000 0.00000 0.00000
t9                             0.27667 0.00000 0.00000 0.00000 0.32000 0.00000 0.00000 0.18667 0.00000 0.00000 0.00000 0.00000 0.00000 0.00000 0.00000 0.00000 0.21667 0.00000 0.00000 0.00000
t5                             0.39000 0.00000 0.00000 0.00000 0.28667 0.00000 0.00000 0.14000 0.00000 0.00000 0.00000 0.00000 0.00000 0.00000 0.00000 0.00000 0.18333 0.00000 0.00000 0.00000
t17                            0.33333 0.00000 0.00000 0.00000 0.30000 0.00000 0.00000 0.13000 0.00000 0.00000 0.00000 0.00000 0.00000 0.00000 0.00000 0.00000 0.23667 0.00000 0.00000 0.00000
t14                            0.36667 0.00000 0.00000 0.00000 0.27333 0.00000 0.00000 0.11333 0.00000 0.00000 0.00000 0.00000 0.00000 0.00000 0.00000 0.00000 0.24667 0.00000 0.00000 0.00000
t10                            0.31000 0.00000 0.00000 0.00000 0.28667 0.00000 0.00000 0.16667 0.00000 0.00000 0.00000 0.00000 0.00000 0.00000 0.00000 0.00000 0.23667 0.00000 0.00000 0.00000
t6                             0.30000 0.00000 0.00000 0.00000 0.28000 0.00000 0.00000 0.16000 0.00000 0.00000 0.00000 0.00000 0.00000 0.00000 0.00000 0.00000 0.26000 0.00000 0.00000 0.00000
t20                            0.33333 0.00000 0.00000 0.00000 0.25000 0.00000 0.00000 0.16000 0.00000 0.00000 0.00000 0.00000 0.00000 0.00000 0.00000 0.00000 0.25667 0.00000 0.00000 0.00000
t16                            0.29000 0.00000 0.00000 0.00000 0.28000 0.00000 0.00000 0.15000 0.00000 0.00000 0.00000 0.00000 0.00000 0.00000 0.00000 0.00000 0.28000 0.00000 0.00000 0.00000
t8                             0.29333 0.00000 0.00000 0.00000 0.28667 0.00000 0.00000 0.15000 0.00000 0.00000 0.00000 0.00000 0.00000 0.00000 0.00000 0.00000 0.27000 0.00000 0.00000 0.00000
t15                            0.32667 0.00000 0.00000 0.00000 0.31333 0.00000 0.00000 0.15667 0.00000 0.00000 0.00000 0.00000 0.00000 0.00000 0.00000 0.00000 0.20333 0.00000 0.00000 0.00000
t3                             0.33333 0.00000 0.00000 0.00000 0.26667 0.00000 0.00000 0.16667 0.00000 0.00000 0.00000 0.00000 0.00000 0.00000 0.00000 0.00000 0.23333 0.00000 0.00000 0.00000
t4                             0.33333 0.00000 0.00000 0.00000 0.27000 0.00000 0.00000 0.16667 0.00000 0.00000 0.00000 0.00000 0.00000 0.00000 0.00000 0.00000 0.23000 0.00000 0.00000 0.00000

Homogeneity statistic: X2 = 0.17601 G = 0.17620 

Average                        0.32150 0.00000 0.00000 0.00000 0.29033 0.00000 0.00000 0.15867 0.00000 0.00000 0.00000 0.00000 0.00000 0.00000 0.00000 0.00000 0.22950 0.00000 0.00000 0.00000

# constant sites:      1 (0.33%)
ln Lmax (unconstrained) = -1711.134742

AA distances (raw proportions of different sites)

t7             
t19              0.4167
t11              0.3667  0.1600
t2               0.4333  0.4900  0.4667
t13              0.4267  0.4833  0.4633  0.3667
t18              0.4400  0.4767  0.4667  0.3533  0.0900
t1               0.5700  0.6000  0.6033  0.5600  0.5567  0.5400
t12              0.5633  0.6033  0.6033  0.5767  0.5667  0.5367  0.2400
t9               0.5700  0.6333  0.6200  0.5500  0.5900  0.5633  0.3533  0.3800
t5               0.5700  0.5833  0.5867  0.5700  0.6100  0.5967  0.5933  0.5667  0.5867
t17              0.5600  0.5467  0.5167  0.5733  0.6033  0.5933  0.5767  0.5900  0.5833  0.6000
t14              0.5400  0.5400  0.5367  0.6100  0.6133  0.6033  0.6033  0.6333  0.6267  0.5933  0.4567
t10              0.5967  0.5433  0.5700  0.5933  0.6400  0.6267  0.5967  0.6100  0.6000  0.6033  0.4700  0.4333
t6               0.5567  0.5933  0.5733  0.6100  0.6267  0.6233  0.6567  0.6633  0.6067  0.6433  0.5100  0.5233  0.5833
t20              0.5200  0.5700  0.5400  0.5567  0.5733  0.5700  0.6033  0.6267  0.6100  0.5767  0.5733  0.5800  0.6133  0.6033
t16              0.5000  0.5433  0.5133  0.5233  0.5700  0.5467  0.5700  0.5800  0.5500  0.5367  0.5600  0.5567  0.5767  0.5833  0.4467
t8               0.5000  0.5433  0.5133  0.5233  0.5733  0.5500  0.5733  0.5833  0.5533  0.5367  0.5567  0.5533  0.5733  0.5800  0.4533  0.0100
t15              0.5267  0.5733  0.5467  0.5467  0.5900  0.5633  0.5600  0.5700  0.5400  0.5733  0.4800  0.5100  0.5833  0.5633  0.5233  0.4700  0.4733
t3               0.5033  0.5367  0.5233  0.5433  0.5667  0.5767  0.5467  0.5933  0.5633  0.5267  0.5200  0.5667  0.5767  0.5800  0.5267  0.4500  0.4533  0.3900
t4               0.5133  0.5500  0.5367  0.5400  0.5667  0.5767  0.5433  0.5933  0.5633  0.5333  0.5233  0.5767  0.5867  0.5833  0.5300  0.4600  0.4633  0.3900  0.0167

TREE #  1:  ((1, (2, 3)), (4, (5, 6)), ((((7, 8), 9), 10), (((11, (12, 13)), 14), ((15, (16, 17)), (18, (19, 20))))));   MP score: 1436
lnL(ntime: 37  np: 38):  -8550.724585      +0.000000
  21..22   22..1    22..23   23..2    23..3    21..24   24..4    24..25   25..5    25..6    21..26   26..27   27..28   28..29   29..7    29..8    28..9    27..10   26..30   30..31   31..32   32..11   32..33   33..12   33..13   31..14   30..34   34..35   35..15   35..36   36..16   36..17   34..37   37..18   37..38   38..19   38..20 
 0.079141 0.217971 0.212373 0.135058 0.055221 0.127832 0.233265 0.204270 0.060566 0.039260 0.115496 0.096837 0.212434 0.132162 0.137322 0.165321 0.228370 0.506103 0.033349 0.109675 0.087260 0.285346 0.089333 0.290251 0.327156 0.473134 0.104460 0.077708 0.409565 0.258945 0.000000 0.010328 0.099317 0.266593 0.271211 0.004010 0.013433 49.000000
SEs for parameters:
 0.021388 0.033246 0.032812 0.025472 0.016618 0.029123 0.036337 0.034561 0.016515 0.013499 0.027495 0.027542 0.039025 0.028158 0.024955 0.028214 0.035545 0.055911 0.018724 0.027952 0.024336 0.039600 0.025581 0.038548 0.040924 0.053649 0.025342 0.025774 0.048966 0.036498 0.013888 0.008371 0.025848 0.038327 0.037013 0.004421 0.007439 61.231237

tree length =  6.170077

((1: 0.217971, (2: 0.135058, 3: 0.055221): 0.212373): 0.079141, (4: 0.233265, (5: 0.060566, 6: 0.039260): 0.204270): 0.127832, ((((7: 0.137322, 8: 0.165321): 0.132162, 9: 0.228370): 0.212434, 10: 0.506103): 0.096837, (((11: 0.285346, (12: 0.290251, 13: 0.327156): 0.089333): 0.087260, 14: 0.473134): 0.109675, ((15: 0.409565, (16: 0.000000, 17: 0.010328): 0.258945): 0.077708, (18: 0.266593, (19: 0.004010, 20: 0.013433): 0.271211): 0.099317): 0.104460): 0.033349): 0.115496);

((t7: 0.217971, (t19: 0.135058, t11: 0.055221): 0.212373): 0.079141, (t2: 0.233265, (t13: 0.060566, t18: 0.039260): 0.204270): 0.127832, ((((t1: 0.137322, t12: 0.165321): 0.132162, t9: 0.228370): 0.212434, t5: 0.506103): 0.096837, (((t17: 0.285346, (t14: 0.290251, t10: 0.327156): 0.089333): 0.087260, t6: 0.473134): 0.109675, ((t20: 0.409565, (t16: 0.000000, t8: 0.010328): 0.258945): 0.077708, (t15: 0.266593, (t3: 0.004010, t4: 0.013433): 0.271211): 0.099317): 0.104460): 0.033349): 0.115496);

Detailed output identifying parameters

alpha (gamma, K = 4) = 49.00000
rate:   0.82471  0.94797  1.04038  1.18694
freq:   0.25000  0.25000  0.25000  0.25000

Time used:  0:01
