IQ-TREE version 3.1.0 for Linux x86 64-bit built Mar 12 2026
Developed by Bui Quang Minh, Thomas Wong, Nhan Ly-Trong, Huaiyan Ren
Contributed by Lam-Tung Nguyen, Dominik Schrempf, Chris Bielow,
Olga Chernomor, Michael Woodhams, Diep Thi Hoang, Heiko Schmidt

Host:    mic-r750 (AVX512, FMA3, 1007 GB RAM)
Command: iqtree -te example-dna/K80+G/iqtree/iqtree.treefile -m K80+G -s example-dna/sim/alignment/combined.fas -pre example-dna/K80+G/iqtree/iqtree -redo -wsl -quiet -mwopt -keep-ident -blmin 4.0e-06 -T 10
Seed:    465390 (Using SPRNG - Scalable Parallel Random Number Generator)
Time:    Thu Jul  9 10:38:05 2026
Kernel:  AVX+FMA - 10 threads (128 CPU cores detected)

Reading alignment file example-dna/sim/alignment/combined.fas ... Fasta format detected
Reading fasta file: done in 0.000102125 secs using 98.9% CPU
Alignment most likely contains DNA/RNA sequences
Constructing alignment: done in 0.000307076 secs using 90.53% CPU
Alignment has 20 sequences with 300 columns, 300 distinct patterns
291 parsimony-informative, 8 singleton sites, 1 constant sites
     Gap/Ambiguity  Composition  p-value
Analyzing sequences: done in 1.21612e-05 secs using 82.23% CPU
   1  t7     0.00%    passed     30.77%
   2  t19    0.00%    passed     84.33%
   3  t11    0.00%    passed     58.78%
   4  t2     0.00%    passed     61.82%
   5  t13    0.00%    passed     16.42%
   6  t18    0.00%    passed     32.31%
   7  t1     0.00%    passed     99.99%
   8  t12    0.00%    passed     99.99%
   9  t9     0.00%    passed     21.38%
  10  t5     0.00%    failed      4.95%
  11  t17    0.00%    passed     60.45%
  12  t14    0.00%    passed      9.07%
  13  t10    0.00%    passed     95.52%
  14  t6     0.00%    passed     62.34%
  15  t20    0.00%    passed     42.69%
  16  t16    0.00%    passed     21.12%
  17  t8     0.00%    passed     38.54%
  18  t15    0.00%    passed     68.83%
  19  t3     0.00%    passed     83.76%
  20  t4     0.00%    passed     87.81%
****  TOTAL    0.00%  1 sequences failed composition chi2 test (p-value<5%; df=3)
Reading input tree file example-dna/K80+G/iqtree/iqtree.treefile ...

NOTE: 0 MB RAM (0 GB) is required!
WARNING: Number of threads seems too high for short alignments. Use -T AUTO to determine best number of threads.
Estimate model parameters (epsilon = 0.010)
1. Initial log-likelihood: -5693.568
2. Current log-likelihood: -5554.661
3. Current log-likelihood: -5545.325
4. Current log-likelihood: -5545.239
Optimal log-likelihood: -5545.239
Rate parameters:  A-C: 1.00000  A-G: 0.84850  A-T: 1.00000  C-G: 1.00000  C-T: 0.84850  G-T: 1.00000
Base frequencies:  A: 0.250  C: 0.250  G: 0.250  T: 0.250
Gamma shape alpha: 998.610
Parameters optimization took 4 rounds (0.020 sec)
Wrote distance file to... 
BEST SCORE FOUND : -5545.239
Site log-likelihoods printed to example-dna/K80+G/iqtree/iqtree.sitelh
Total tree length: 6.362

Total number of iterations: 0
CPU time used for tree search: 0.000 sec (0h:0m:0s)
Wall-clock time used for tree search: 0.000 sec (0h:0m:0s)
Total CPU time used: 0.262 sec (0h:0m:0s)
Total wall-clock time used: 0.027 sec (0h:0m:0s)

Analysis results written to: 
  IQ-TREE report:                example-dna/K80+G/iqtree/iqtree.iqtree
  Maximum-likelihood tree:       example-dna/K80+G/iqtree/iqtree.treefile
  Site log-likelihoods:          example-dna/K80+G/iqtree/iqtree.sitelh
  Screen log file:               example-dna/K80+G/iqtree/iqtree.log

Date and Time: Thu Jul  9 10:38:05 2026
