Executing: julia /mnt/hd1/home/sishuo/lab-tools/phyloHessian/additional_scripts/MFAtoPHY.jl combined.fas
t5        
t4        
t1        
t3        
t2        
✅ PHYLIP file created: combined.fas.phy
Executing: phyml -i combined.phy -u ref.tre -d aa -o lr -m LG > phyml_output.log 2>&1

Executing: Rscript ../do_bl_my_try.R -s sim/alignment/combined.fas -t LG+G_ph/phyml/combined.phy_phyml_tree.txt --cpu 1 --julia_outdir LG+G_ph/julia --force --type AA
Executing: bash ../additional_scripts/generate_branch_out_mat.sh -t LG+G_ph/phyml/combined.phy_phyml_tree.txt --ref_tree ref.tre --outdir LG+G_ph/bl --force
Rscript ../additional_scripts/align_bl.R LG+G_ph/phyml/combined.phy_phyml_tree.txt LG+G_ph/bl/branch_out > LG+G_ph/bl/branch_out.matrix
Executing: julia -t 1 ../julia_bl.jl --basics_indir LG+G_ph/julia -t AA --tree LG+G_ph/phyml/combined.phy_phyml_tree.txt -b LG+G_ph/bl/branch_out.matrix -m LG --mfm nothing --outdir LG+G_ph/inBV --force  --hessian_type STK2004 2>LG+G_ph/error

2026-02-04T12:13:19.434

rs:	[0.1352, 0.4741, 0.99853, 2.39217]
props:	[0.25, 0.25, 0.25, 0.25]
freqs:	Float64[]
Qrs:	Float64[]
2026-02-04T12:13:21.444
2026-02-04T12:13:26.326

best lnL	-1339.4252192380022	

2026-02-04T12:13:28.060

Executing: julia /mnt/hd1/home/sishuo/lab-tools/phyloHessian/additional_scripts/MFAtoPHY.jl sim/alignment/combined.fas
t5        
t4        
t1        
t3        
t2        
✅ PHYLIP file created: sim/alignment/combined.fas.phy
